        -:    0:Source:/home/kainaat/malware_analysis/masterlabkainaatsingh/input/nested.c
        -:    0:Graph:/home/kainaat/malware_analysis/masterlabkainaatsingh/input/nested.gcno
        -:    0:Data:/home/kainaat/malware_analysis/masterlabkainaatsingh/input/nested.gcda
        -:    0:Runs:1
        -:    0:Programs:1
        -:    1:#include <stdio.h>
        -:    2: 
        1:    3:int main()
        -:    4:{
        -:    5:  char text[100];
        1:    6:  int begin, middle, end, length = 0;
        -:    7: 
        1:    8:  printf("Enter a string:\n");
        1:    9:  gets(text);
        -:   10: 
       76:   11:  while (text[length] != '\0')
       74:   12:    length++;
        -:   13: 
        1:   14:  end = length - 1;
        1:   15:  middle = length/2;
        -:   16: 
        1:   17:  for (begin = 0; begin < middle; begin++)
        -:   18:  {
        1:   19:    if (text[begin] != text[end])
        -:   20:    {
        1:   21:      printf("Not a palindrome.\n");
        1:   22:      break;
        -:   23:    }
    #####:   24:    end--;
        -:   25:  }
        1:   26:  if (begin == middle)
    #####:   27:    printf("Palindrome.\n");
        -:   28: 
        1:   29:  return 0;
        -:   30:}
