        -:    0:Source:sample_program.c
        -:    0:Graph:sample_program.gcno
        -:    0:Data:sample_program.gcda
        -:    0:Runs:1
        -:    0:Programs:1
        -:    1:#include <stdio.h>
        -:    2:#include <string.h>
        -:    3:
        1:    4:int main(void)
        1:    4-block  0
        -:    5:{
        -:    6:    char buff[15];
        1:    7:    int pass = 0;
        -:    8:
        1:    9:    printf("\n Enter the password : \n");
        1:    9-block  0
        1:   10:    gets(buff);
        -:   11:
        1:   12:    if(strcmp(buff, "thegeekstuff"))
        -:   13:    {
        1:   14:        printf ("\n Wrong Password \n");
        1:   14-block  0
        -:   15:    }
        -:   16:    else
        -:   17:    {
    #####:   18:        printf ("\n Correct Password \n");
    $$$$$:   18-block  0
    #####:   19:        pass = 1;
        -:   20:    }
        -:   21:
        1:   22:    if(pass)
        1:   22-block  0
        -:   23:    {
        -:   24:       /* Now Give root or admin rights to user*/
    #####:   25:        printf ("\n Root privileges given to the user \n");
    $$$$$:   25-block  0
        -:   26:    }
        -:   27:
        1:   28:    return 0;
        1:   28-block  0
        -:   29:}
